<?xml version="1.0" encoding="UTF-8"?>
<testng-results skipped="0" failed="0" ignored="0" total="2" passed="2">
  <reporter-output>
  </reporter-output>
  <suite name="Dockertest" duration-ms="39627" started-at="2019-10-01T04:44:09Z" finished-at="2019-10-01T04:44:49Z">
    <groups>
    </groups>
    <test name="Goimages" duration-ms="33594" started-at="2019-10-01T04:44:09Z" finished-at="2019-10-01T04:44:43Z">
      <class name="com.SampleDocker.TestMvnDocker.TestDocker2">
        <test-method status="PASS" signature="setupDriver(org.testng.ITestContext)[pri:0, instance:com.SampleDocker.TestMvnDocker.TestDocker2@3cb5cdba]" name="setupDriver" is-config="true" duration-ms="14606" started-at="2019-10-01T04:44:09Z" finished-at="2019-10-01T04:44:24Z">
          <params>
            <param index="0">
              <value>
                <![CDATA[org.testng.TestRunner@5d624da6]]>
              </value>
            </param>
          </params>
          <reporter-output>
          </reporter-output>
        </test-method> <!-- setupDriver -->
        <test-method status="PASS" signature="gotoImages()[pri:0, instance:com.SampleDocker.TestMvnDocker.TestDocker2@3cb5cdba]" name="gotoImages" duration-ms="12252" started-at="2019-10-01T04:44:24Z" finished-at="2019-10-01T04:44:36Z">
          <reporter-output>
          </reporter-output>
        </test-method> <!-- gotoImages -->
        <test-method status="PASS" signature="teardown()[pri:0, instance:com.SampleDocker.TestMvnDocker.TestDocker2@3cb5cdba]" name="teardown" is-config="true" duration-ms="6728" started-at="2019-10-01T04:44:36Z" finished-at="2019-10-01T04:44:43Z">
          <reporter-output>
          </reporter-output>
        </test-method> <!-- teardown -->
      </class> <!-- com.SampleDocker.TestMvnDocker.TestDocker2 -->
    </test> <!-- Goimages -->
    <test name="GoToGmail" duration-ms="39627" started-at="2019-10-01T04:44:09Z" finished-at="2019-10-01T04:44:49Z">
      <class name="com.SampleDocker.TestMvnDocker.TestDocker1">
        <test-method status="PASS" signature="setupDriver(org.testng.ITestContext)[pri:0, instance:com.SampleDocker.TestMvnDocker.TestDocker1@649d209a]" name="setupDriver" is-config="true" duration-ms="14709" started-at="2019-10-01T04:44:09Z" finished-at="2019-10-01T04:44:24Z">
          <params>
            <param index="0">
              <value>
                <![CDATA[org.testng.TestRunner@1e67b872]]>
              </value>
            </param>
          </params>
          <reporter-output>
          </reporter-output>
        </test-method> <!-- setupDriver -->
        <test-method status="PASS" signature="gotoGmail()[pri:0, instance:com.SampleDocker.TestMvnDocker.TestDocker1@649d209a]" name="gotoGmail" duration-ms="11779" started-at="2019-10-01T04:44:24Z" finished-at="2019-10-01T04:44:36Z">
          <reporter-output>
          </reporter-output>
        </test-method> <!-- gotoGmail -->
        <test-method status="PASS" signature="teardown()[pri:0, instance:com.SampleDocker.TestMvnDocker.TestDocker1@649d209a]" name="teardown" is-config="true" duration-ms="13135" started-at="2019-10-01T04:44:36Z" finished-at="2019-10-01T04:44:49Z">
          <reporter-output>
          </reporter-output>
        </test-method> <!-- teardown -->
      </class> <!-- com.SampleDocker.TestMvnDocker.TestDocker1 -->
    </test> <!-- GoToGmail -->
  </suite> <!-- Dockertest -->
</testng-results>
